<?xml version="1.0" encoding="UTF-8"?>
<!-- Generated by org.testng.reporters.JUnitReportReporter -->
<testsuite hostname="nyu-PC" name="com.example.tests.AlsoGroupCreationTests" tests="2" failures="0" timestamp="7 Dec 2014 13:37:38 GMT" time="2.316" errors="0">
  <testcase name="testEmptyGroupCreation" time="0.976" classname="com.example.tests.AlsoGroupCreationTests"/>
  <testcase name="testNonEmptyGroupCreation" time="1.340" classname="com.example.tests.AlsoGroupCreationTests"/>
</testsuite> <!-- com.example.tests.AlsoGroupCreationTests -->
