<?xml version="1.0" encoding="UTF-8"?>
<!-- Generated by org.testng.reporters.JUnitReportReporter -->
<testsuite hostname="nyu-PC" name="com.example.tests.GroupCreationTests" tests="2" failures="0" timestamp="8 Dec 2014 05:05:41 GMT" time="2.303" errors="0">
  <testcase name="testEmptyGroupCreation" time="0.974" classname="com.example.tests.GroupCreationTests"/>
  <testcase name="testNonEmptyGroupCreation" time="1.329" classname="com.example.tests.GroupCreationTests"/>
</testsuite> <!-- com.example.tests.GroupCreationTests -->
