<?xml version="1.0" encoding="UTF-8"?>
<!-- Generated by org.testng.reporters.JUnitReportReporter -->
<testsuite hostname="nyu-PC" name="com.example.tests.GroupCreationTests" tests="2" failures="0" timestamp="7 Dec 2014 13:18:47 GMT" time="3.466" errors="0">
  <testcase name="testNonEmptyGroupCreation" time="1.973" classname="com.example.tests.GroupCreationTests"/>
  <testcase name="testEmptyGroupCreation" time="1.493" classname="com.example.tests.GroupCreationTests"/>
</testsuite> <!-- com.example.tests.GroupCreationTests -->
