<?xml version="1.0" encoding="UTF-8"?>
<!-- Generated by org.testng.reporters.JUnitReportReporter -->
<testsuite hostname="nyu-PC" name="com.example.tests.AlsoGroupCreationTests" tests="2" failures="0" timestamp="7 Dec 2014 13:18:47 GMT" time="2.370" errors="0">
  <testcase name="testEmptyGroupCreation" time="1.052" classname="com.example.tests.AlsoGroupCreationTests"/>
  <testcase name="testNonEmptyGroupCreation" time="1.318" classname="com.example.tests.AlsoGroupCreationTests"/>
</testsuite> <!-- com.example.tests.AlsoGroupCreationTests -->
