<?xml version="1.0" encoding="UTF-8"?>
<!-- Generated by org.testng.reporters.JUnitReportReporter -->
<testsuite hostname="nyu-PC" name="com.example.tests.ContactCreationTests" tests="1" failures="0" timestamp="8 Dec 2014 05:05:41 GMT" time="2.869" errors="0">
  <testcase name="testNonEmptyContactCreation" time="2.869" classname="com.example.tests.ContactCreationTests"/>
</testsuite> <!-- com.example.tests.ContactCreationTests -->
