<?xml version="1.0" encoding="UTF-8"?>
<!-- Generated by org.testng.reporters.JUnitReportReporter -->
<testsuite hostname="nyu-PC" name="com.example.tests.GroupCreationTests" tests="2" failures="0" timestamp="8 Dec 2014 18:19:22 GMT" time="3.305" errors="0">
  <testcase name="testNonEmptyGroupCreation" time="2.313" classname="com.example.tests.GroupCreationTests"/>
  <testcase name="testEmptyGroupCreation" time="0.992" classname="com.example.tests.GroupCreationTests"/>
</testsuite> <!-- com.example.tests.GroupCreationTests -->
